<?xml version="1.0" encoding="UTF-8"?>
<testsuite xmlns:xsi="http://www.w3.org/2001/XMLSchema-instance" xsi:noNamespaceSchemaLocation="https://maven.apache.org/surefire/maven-surefire-plugin/xsd/surefire-test-report-3.0.xsd" version="3.0" name="nl.tudelft.jpacman.board.BoardFactoryTest" time="1.02" tests="5" errors="0" skipped="0" failures="0">
  <properties>
[...]
</properties>
  <testcase name="connectedEast" classname="nl.tudelft.jpacman.board.BoardFactoryTest" time="0.998"/>
  <testcase name="connectedWest" classname="nl.tudelft.jpacman.board.BoardFactoryTest" time="0.003"/>
  <testcase name="worldIsRound" classname="nl.tudelft.jpacman.board.BoardFactoryTest" time="0.005"/>
  <testcase name="connectedNorth" classname="nl.tudelft.jpacman.board.BoardFactoryTest" time="0.002"/>
  <testcase name="connectedSouth" classname="nl.tudelft.jpacman.board.BoardFactoryTest" time="0.002"/>
</testsuite>