<?xml version="1.0" encoding="UTF-8"?>
<testsuite xmlns:xsi="http://www.w3.org/2001/XMLSchema-instance" xsi:noNamespaceSchemaLocation="https://maven.apache.org/surefire/maven-surefire-plugin/xsd/surefire-test-report-3.0.xsd" version="3.0" name="nl.tudelft.jpacman.e2e.framework.startup.StartupTest" time="0.19" tests="3" errors="0" skipped="0" failures="0">
  <properties>
[...]
</properties>
  <testcase name="Given the user has launched the JPacman GUI" classname="Scenario: Press start button" time="0.003">
    <system-out><![CDATA[@S1 @framework
Feature: Start to play
  As a player
  I want to start the game
  so that I can actually play
]]></system-out>
  </testcase>
  <testcase name="When the user presses the &quot;Start&quot; button" classname="Scenario: Press start button" time="0.001"/>
  <testcase name="Then the game is running" classname="Scenario: Press start button" time="0.001"/>
</testsuite>