<?xml version="1.0" encoding="UTF-8" standalone="yes"?><!DOCTYPE report PUBLIC "-//JACOCO//DTD Report 1.1//EN" "report.dtd"><report name="jpacman-framework"><sessioninfo id="OMEN-HP-Ubuntu-55d3354b" start="1696417959884" dump="1696417966691"/><sessioninfo id="OMEN-HP-Ubuntu-a28d794d" start="1696418292413" dump="1696418299874"/><sessioninfo id="OMEN-HP-Ubuntu-a772afb9" start="1696418450948" dump="1696418457471"/><sessioninfo id="OMEN-HP-Ubuntu-75f31830" start="1696418596741" dump="1696418603191"/><sessioninfo id="OMEN-HP-Ubuntu-dc952d22" start="1696418800988" dump="1696418807454"/><sessioninfo id="OMEN-HP-Ubuntu-c1c106ee" start="1696419113493" dump="1696419120743"/><sessioninfo id="OMEN-HP-Ubuntu-e469a74f" start="1696419323539" dump="1696419330327"/><sessioninfo id="OMEN-HP-Ubuntu-334bcd39" start="1696419891022" dump="1696419898664"/><sessioninfo id="OMEN-HP-Ubuntu-c1f667de" start="1696420512854" dump="1696420520136"/><sessioninfo id="OMEN-HP-Ubuntu-931f905e" start="1696420994083" dump="1696421001801"/><sessioninfo id="OMEN-HP-Ubuntu-54b70183" start="1696422633209" dump="1696422637941"/><sessioninfo id="OMEN-HP-Ubuntu-6464de33" start="1696426111007" dump="1696426117384"/></report>